<?xml version="1.0" encoding="UTF-8"?>
<!-- Generated by org.testng.reporters.JUnitReportReporter -->
<testsuite hostname="HP-5CG1483FDT" failures="0" tests="3" name="pageexecution.FacebookExecution" time="20.407" errors="0" timestamp="24 Apr 2023 13:21:56 GMT">
  <testcase classname="pageexecution.FacebookExecution" name="validLogin" time="5.878"/>
  <testcase classname="pageexecution.FacebookExecution" name="validLogin" time="9.020"/>
  <testcase classname="pageexecution.FacebookExecution" name="validLogin" time="5.509"/>
</testsuite> <!-- pageexecution.FacebookExecution -->
