<?xml version="1.0" encoding="UTF-8"?>
<!-- Generated by org.testng.reporters.JUnitReportReporter -->
<testsuite hostname="HP-5CG1483FDT" failures="0" tests="1" name="pageexecution.HomePageExecution" time="3.824" errors="0" timestamp="18 Apr 2023 14:54:05 GMT">
  <testcase classname="pageexecution.HomePageExecution" name="validcrediantal" time="3.824"/>
</testsuite> <!-- pageexecution.HomePageExecution -->
